<?xml version="1.0" encoding="UTF-8"?>
<!-- Generated by org.testng.reporters.JUnitReportReporter -->
<testsuite hostname="CHN1-LHP-N81660" failures="0" tests="1" name="com.rest.PUTproduct" time="0.973" errors="0" timestamp="2022-04-26T16:01:51 IST" skipped="0">
  <testcase classname="com.rest.PUTproduct" name="f" time="0.973"/>
  <system-out/>
</testsuite> <!-- com.rest.PUTproduct -->
