<?xml version="1.0" encoding="UTF-8"?>
<!-- Generated by org.testng.reporters.JUnitReportReporter -->
<testsuite hostname="CHN1-LHP-N81660" failures="0" tests="1" name="com.rest.AddProduct" time="0.993" errors="0" timestamp="2022-04-26T15:48:14 IST" skipped="0">
  <testcase classname="com.rest.AddProduct" name="f" time="0.993"/>
  <system-out/>
</testsuite> <!-- com.rest.AddProduct -->
