<?xml version="1.0" encoding="UTF-8"?>
<!-- Generated by org.testng.reporters.JUnitReportReporter -->
<testsuite hostname="CHN1-LHP-N81660" failures="0" tests="1" name="com.rest.DELETEproduct" time="0.879" errors="0" timestamp="2022-04-26T16:05:03 IST" skipped="0">
  <testcase classname="com.rest.DELETEproduct" name="f" time="0.879"/>
  <system-out/>
</testsuite> <!-- com.rest.DELETEproduct -->
